Arguments: 
  C:\Program Files\nodejs\node.exe C:\Users\farrukh.aslam\AppData\Roaming\npm\node_modules\yarn\bin\yarn.js

PATH: 
  D:\app\farrukh.aslam\product\11.2.0\client_2\bin;D:\app\farrukh.aslam\product\11.2.0\client_1\bin;D:\app\farrukh.aslam\product\11.2.0\client_1;C:\Python311\Scripts\;C:\Python311\;C:\Windows\system32;C:\Windows;C:\Windows\System32\Wbem;C:\Windows\System32\WindowsPowerShell\v1.0\;C:\Windows\System32\OpenSSH\;C:\Program Files (x86)\IBM\Client Access\Emulator;C:\Program Files (x86)\IBM\Client Access\Shared;C:\Program Files (x86)\IBM\Client Access\;C:\ProgramData\chocolatey\bin;C:\Program Files\Git\cmd;C:\Program Files\Microsoft SQL Server\150\Tools\Binn\;C:\Program Files\Microsoft SQL Server\Client SDK\ODBC\170\Tools\Binn\;C:\Program Files\nodejs\;C:\Program Files\dotnet\;C:\Users\farrukh.aslam\AppData\Local\Microsoft\WindowsApps;C:\Users\farrukh.aslam\AppData\Local\Programs\Microsoft VS Code\bin;C:\Users\farrukh.aslam\AppData\Local\Android\Sdk\platform-tools;C:\Users\farrukh.aslam\AppData\Roaming\npm;C:\Program Files\Multipass\bin;C:\Program Files\MicroK8s;C:\Program Files\MicroK8s\kubectl;C:\Users\farrukh.aslam\.dotnet\tools;C:\Users\farrukh.aslam\AppData\Local\Android\Sdk\platform-tools;

Yarn version: 
  1.22.19

Node version: 
  16.13.1

Platform: 
  win32 x64

Trace: 
  Error: https://registry.yarnpkg.com/react: tunneling socket could not be established, statusCode=407
      at ClientRequest.onConnect (C:\Users\farrukh.aslam\AppData\Roaming\npm\node_modules\yarn\lib\cli.js:152365:19)
      at Object.onceWrapper (node:events:510:26)
      at ClientRequest.emit (node:events:390:28)
      at Socket.socketOnData (node:_http_client:527:11)
      at Socket.emit (node:events:390:28)
      at addChunk (node:internal/streams/readable:315:12)
      at readableAddChunk (node:internal/streams/readable:289:9)
      at Socket.Readable.push (node:internal/streams/readable:228:10)
      at TCP.onStreamRead (node:internal/stream_base_commons:199:23)

npm manifest: 
  {
    "name": "practiceApp",
    "version": "0.0.1",
    "private": true,
    "scripts": {
      "android": "react-native run-android",
      "ios": "react-native run-ios",
      "lint": "eslint .",
      "start": "react-native start",
      "test": "jest",
      "dev": "adb reverse tcp:8081 tcp:8081 && react-native start"
    },
    "dependencies": {
      "react": "18.2.0",
      "react-native": "0.71.11"
    },
    "devDependencies": {
      "@babel/core": "^7.20.0",
      "@babel/preset-env": "^7.20.0",
      "@babel/runtime": "^7.20.0",
      "@react-native-community/eslint-config": "^3.2.0",
      "@tsconfig/react-native": "^2.0.2",
      "@types/jest": "^29.2.1",
      "@types/react": "^18.0.24",
      "@types/react-test-renderer": "^18.0.0",
      "babel-jest": "^29.2.1",
      "eslint": "^8.19.0",
      "jest": "^29.2.1",
      "metro-react-native-babel-preset": "0.73.10",
      "prettier": "^2.4.1",
      "react-test-renderer": "18.2.0",
      "typescript": "4.8.4"
    },
    "jest": {
      "preset": "react-native"
    }
  }

yarn manifest: 
  No manifest

Lockfile: 
  No lockfile
